# JRE version: OpenJDK Runtime Environment Temurin-17.0.8.1+1 (17.0.8.1+1) (build 17.0.8.1+1)
# Java VM: OpenJDK 64-Bit Server VM Temurin-17.0.8.1+1 (17.0.8.1+1, mixed mode, tiered, compressed oops, compressed class ptrs, parallel gc, windows-amd64)
GC Precious Log:
 CPUs: 16 total, 16 available
 Memory: 15773M
 Large Page Support: Disabled
 NUMA Support: Disabled
 Compressed Oops: Enabled (32-bit)
 Alignments: Space 512K, Generation 512K, Heap 2M
 Heap Min Capacity: 100M
 Heap Initial Capacity: 100M
 Heap Max Capacity: 1G
 Pre-touch: Disabled
 Parallel Workers: 13
Heap:
 PSYoungGen      total 12288K, used 6230K [0x00000000eab00000, 0x00000000eba80000, 0x0000000100000000)
  eden space 8704K, 35% used [0x00000000eab00000,0x00000000eadfb210,0x00000000eb380000)
  from space 3584K, 88% used [0x00000000eb700000,0x00000000eba1a888,0x00000000eba80000)
  to   space 3584K, 0% used [0x00000000eb380000,0x00000000eb380000,0x00000000eb700000)
 ParOldGen       total 177664K, used 139836K [0x00000000c0000000, 0x00000000cad80000, 0x00000000eab00000)
  object space 177664K, 78% used [0x00000000c0000000,0x00000000c888f1e0,0x00000000cad80000)
 Metaspace       used 98528K, committed 99776K, reserved 1179648K
  class space    used 9519K, committed 10048K, reserved 1048576K
GC Heap History (20 events):
Event: 342385.927 GC heap before
{Heap before GC invocations=25409 (full 570):
 PSYoungGen      total 7168K, used 6340K [0x00000000eab00000, 0x00000000eb400000, 0x0000000100000000)
  eden space 6656K, 87% used [0x00000000eab00000,0x00000000eb0b2678,0x00000000eb180000)
  from space 512K, 98% used [0x00000000eb280000,0x00000000eb2fead8,0x00000000eb300000)
  to   space 1024K, 0% used [0x00000000eb180000,0x00000000eb180000,0x00000000eb280000)
 ParOldGen       total 172032K, used 165911K [0x00000000c0000000, 0x00000000ca800000, 0x00000000eab00000)
  object space 172032K, 96% used [0x00000000c0000000,0x00000000ca205fd0,0x00000000ca800000)
 Metaspace       used 98527K, committed 99776K, reserved 1179648K
  class space    used 9519K, committed 10048K, reserved 1048576K
}
Event: 342385.928 GC heap after
{Heap after GC invocations=25409 (full 570):
 PSYoungGen      total 7680K, used 320K [0x00000000eab00000, 0x00000000eb380000, 0x0000000100000000)
  eden space 6656K, 0% used [0x00000000eab00000,0x00000000eab00000,0x00000000eb180000)
  from space 1024K, 31% used [0x00000000eb180000,0x00000000eb1d0000,0x00000000eb280000)
  to   space 512K, 0% used [0x00000000eb300000,0x00000000eb300000,0x00000000eb380000)
 ParOldGen       total 172032K, used 167367K [0x00000000c0000000, 0x00000000ca800000, 0x00000000eab00000)
  object space 172032K, 97% used [0x00000000c0000000,0x00000000ca371fb0,0x00000000ca800000)
 Metaspace       used 98527K, committed 99776K, reserved 1179648K
  class space    used 9519K, committed 10048K, reserved 1048576K
}
Event: 342385.936 GC heap before
{Heap before GC invocations=25410 (full 570):
 PSYoungGen      total 7680K, used 6960K [0x00000000eab00000, 0x00000000eb380000, 0x0000000100000000)
  eden space 6656K, 99% used [0x00000000eab00000,0x00000000eb17c048,0x00000000eb180000)
  from space 1024K, 31% used [0x00000000eb180000,0x00000000eb1d0000,0x00000000eb280000)
  to   space 512K, 0% used [0x00000000eb300000,0x00000000eb300000,0x00000000eb380000)
 ParOldGen       total 172032K, used 167367K [0x00000000c0000000, 0x00000000ca800000, 0x00000000eab00000)
  object space 172032K, 97% used [0x00000000c0000000,0x00000000ca371fb0,0x00000000ca800000)
 Metaspace       used 98527K, committed 99776K, reserved 1179648K
  class space    used 9519K, committed 10048K, reserved 1048576K
}
Event: 342385.938 GC heap after
{Heap after GC invocations=25410 (full 570):
 PSYoungGen      total 5632K, used 506K [0x00000000eab00000, 0x00000000eb880000, 0x0000000100000000)
  eden space 5120K, 0% used [0x00000000eab00000,0x00000000eab00000,0x00000000eb000000)
  from space 512K, 98% used [0x00000000eb300000,0x00000000eb37eac0,0x00000000eb380000)
  to   space 3072K, 0% used [0x00000000eb000000,0x00000000eb000000,0x00000000eb300000)
 ParOldGen       total 172032K, used 169298K [0x00000000c0000000, 0x00000000ca800000, 0x00000000eab00000)
  object space 172032K, 98% used [0x00000000c0000000,0x00000000ca554910,0x00000000ca800000)
 Metaspace       used 98527K, committed 99776K, reserved 1179648K
  class space    used 9519K, committed 10048K, reserved 1048576K
}
Event: 342385.943 GC heap before
{Heap before GC invocations=25411 (full 570):
 PSYoungGen      total 5632K, used 4668K [0x00000000eab00000, 0x00000000eb880000, 0x0000000100000000)
  eden space 5120K, 81% used [0x00000000eab00000,0x00000000eaf107c8,0x00000000eb000000)
  from space 512K, 98% used [0x00000000eb300000,0x00000000eb37eac0,0x00000000eb380000)
  to   space 3072K, 0% used [0x00000000eb000000,0x00000000eb000000,0x00000000eb300000)
 ParOldGen       total 172032K, used 169298K [0x00000000c0000000, 0x00000000ca800000, 0x00000000eab00000)
  object space 172032K, 98% used [0x00000000c0000000,0x00000000ca554910,0x00000000ca800000)
 Metaspace       used 98527K, committed 99776K, reserved 1179648K
  class space    used 9519K, committed 10048K, reserved 1048576K
}
Event: 342385.944 GC heap after
{Heap after GC invocations=25411 (full 570):
 PSYoungGen      total 8192K, used 2198K [0x00000000eab00000, 0x00000000eb600000, 0x0000000100000000)
  eden space 5120K, 0% used [0x00000000eab00000,0x00000000eab00000,0x00000000eb000000)
  from space 3072K, 71% used [0x00000000eb000000,0x00000000eb225b18,0x00000000eb300000)
  to   space 2560K, 0% used [0x00000000eb380000,0x00000000eb380000,0x00000000eb600000)
 ParOldGen       total 172032K, used 170905K [0x00000000c0000000, 0x00000000ca800000, 0x00000000eab00000)
  object space 172032K, 99% used [0x00000000c0000000,0x00000000ca6e6568,0x00000000ca800000)
 Metaspace       used 98527K, committed 99776K, reserved 1179648K
  class space    used 9519K, committed 10048K, reserved 1048576K
}
Event: 342385.944 GC heap before
{Heap before GC invocations=25412 (full 571):
 PSYoungGen      total 8192K, used 2198K [0x00000000eab00000, 0x00000000eb600000, 0x0000000100000000)
  eden space 5120K, 0% used [0x00000000eab00000,0x00000000eab00000,0x00000000eb000000)
  from space 3072K, 71% used [0x00000000eb000000,0x00000000eb225b18,0x00000000eb300000)
  to   space 2560K, 0% used [0x00000000eb380000,0x00000000eb380000,0x00000000eb600000)
 ParOldGen       total 172032K, used 170905K [0x00000000c0000000, 0x00000000ca800000, 0x00000000eab00000)
  object space 172032K, 99% used [0x00000000c0000000,0x00000000ca6e6568,0x00000000ca800000)
 Metaspace       used 98527K, committed 99776K, reserved 1179648K
  class space    used 9519K, committed 10048K, reserved 1048576K
}
Event: 342386.124 GC heap after
{Heap after GC invocations=25412 (full 571):
 PSYoungGen      total 7680K, used 0K [0x00000000eab00000, 0x00000000eb580000, 0x0000000100000000)
  eden space 5632K, 0% used [0x00000000eab00000,0x00000000eab00000,0x00000000eb080000)
  from space 2048K, 0% used [0x00000000eb380000,0x00000000eb380000,0x00000000eb580000)
  to   space 2560K, 0% used [0x00000000eb080000,0x00000000eb080000,0x00000000eb300000)
 ParOldGen       total 177664K, used 135676K [0x00000000c0000000, 0x00000000cad80000, 0x00000000eab00000)
  object space 177664K, 76% used [0x00000000c0000000,0x00000000c847f200,0x00000000cad80000)
 Metaspace       used 98527K, committed 99776K, reserved 1179648K
  class space    used 9519K, committed 10048K, reserved 1048576K
}
Event: 342386.131 GC heap before
{Heap before GC invocations=25413 (full 571):
 PSYoungGen      total 7680K, used 5632K [0x00000000eab00000, 0x00000000eb580000, 0x0000000100000000)
  eden space 5632K, 100% used [0x00000000eab00000,0x00000000eb080000,0x00000000eb080000)
  from space 2048K, 0% used [0x00000000eb380000,0x00000000eb380000,0x00000000eb580000)
  to   space 2560K, 0% used [0x00000000eb080000,0x00000000eb080000,0x00000000eb300000)
 ParOldGen       total 177664K, used 135676K [0x00000000c0000000, 0x00000000cad80000, 0x00000000eab00000)
  object space 177664K, 76% used [0x00000000c0000000,0x00000000c847f200,0x00000000cad80000)
 Metaspace       used 98527K, committed 99776K, reserved 1179648K
  class space    used 9519K, committed 10048K, reserved 1048576K
}
Event: 342386.133 GC heap after
{Heap after GC invocations=25413 (full 571):
 PSYoungGen      total 8192K, used 2163K [0x00000000eab00000, 0x00000000eb680000, 0x0000000100000000)
  eden space 5632K, 0% used [0x00000000eab00000,0x00000000eab00000,0x00000000eb080000)
  from space 2560K, 84% used [0x00000000eb080000,0x00000000eb29cdf8,0x00000000eb300000)
  to   space 2560K, 0% used [0x00000000eb400000,0x00000000eb400000,0x00000000eb680000)
 ParOldGen       total 177664K, used 137124K [0x00000000c0000000, 0x00000000cad80000, 0x00000000eab00000)
  object space 177664K, 77% used [0x00000000c0000000,0x00000000c85e91e0,0x00000000cad80000)
 Metaspace       used 98527K, committed 99776K, reserved 1179648K
  class space    used 9519K, committed 10048K, reserved 1048576K
}
Event: 342386.149 GC heap before
{Heap before GC invocations=25414 (full 571):
 PSYoungGen      total 8192K, used 7335K [0x00000000eab00000, 0x00000000eb680000, 0x0000000100000000)
  eden space 5632K, 91% used [0x00000000eab00000,0x00000000eb00d1f0,0x00000000eb080000)
  from space 2560K, 84% used [0x00000000eb080000,0x00000000eb29cdf8,0x00000000eb300000)
  to   space 2560K, 0% used [0x00000000eb400000,0x00000000eb400000,0x00000000eb680000)
 ParOldGen       total 177664K, used 137124K [0x00000000c0000000, 0x00000000cad80000, 0x00000000eab00000)
  object space 177664K, 77% used [0x00000000c0000000,0x00000000c85e91e0,0x00000000cad80000)
 Metaspace       used 98527K, committed 99776K, reserved 1179648K
  class space    used 9519K, committed 10048K, reserved 1048576K
}
Event: 342386.150 GC heap after
{Heap after GC invocations=25414 (full 571):
 PSYoungGen      total 7168K, used 582K [0x00000000eab00000, 0x00000000eb500000, 0x0000000100000000)
  eden space 6144K, 0% used [0x00000000eab00000,0x00000000eab00000,0x00000000eb100000)
  from space 1024K, 56% used [0x00000000eb400000,0x00000000eb4919f8,0x00000000eb500000)
  to   space 1536K, 0% used [0x00000000eb200000,0x00000000eb200000,0x00000000eb380000)
 ParOldGen       total 177664K, used 137124K [0x00000000c0000000, 0x00000000cad80000, 0x00000000eab00000)
  object space 177664K, 77% used [0x00000000c0000000,0x00000000c85e91e0,0x00000000cad80000)
 Metaspace       used 98527K, committed 99776K, reserved 1179648K
  class space    used 9519K, committed 10048K, reserved 1048576K
}
Event: 342427.237 GC heap before
{Heap before GC invocations=25415 (full 571):
 PSYoungGen      total 7168K, used 6726K [0x00000000eab00000, 0x00000000eb500000, 0x0000000100000000)
  eden space 6144K, 100% used [0x00000000eab00000,0x00000000eb100000,0x00000000eb100000)
  from space 1024K, 56% used [0x00000000eb400000,0x00000000eb4919f8,0x00000000eb500000)
  to   space 1536K, 0% used [0x00000000eb200000,0x00000000eb200000,0x00000000eb380000)
 ParOldGen       total 177664K, used 137124K [0x00000000c0000000, 0x00000000cad80000, 0x00000000eab00000)
  object space 177664K, 77% used [0x00000000c0000000,0x00000000c85e91e0,0x00000000cad80000)
 Metaspace       used 98527K, committed 99776K, reserved 1179648K
  class space    used 9519K, committed 10048K, reserved 1048576K
}
Event: 342427.238 GC heap after
{Heap after GC invocations=25415 (full 571):
 PSYoungGen      total 8192K, used 455K [0x00000000eab00000, 0x00000000eb480000, 0x0000000100000000)
  eden space 6656K, 0% used [0x00000000eab00000,0x00000000eab00000,0x00000000eb180000)
  from space 1536K, 29% used [0x00000000eb200000,0x00000000eb271c78,0x00000000eb380000)
  to   space 1024K, 0% used [0x00000000eb380000,0x00000000eb380000,0x00000000eb480000)
 ParOldGen       total 177664K, used 137124K [0x00000000c0000000, 0x00000000cad80000, 0x00000000eab00000)
  object space 177664K, 77% used [0x00000000c0000000,0x00000000c85e91e0,0x00000000cad80000)
 Metaspace       used 98527K, committed 99776K, reserved 1179648K
  class space    used 9519K, committed 10048K, reserved 1048576K
}
Event: 342459.909 GC heap before
{Heap before GC invocations=25416 (full 571):
 PSYoungGen      total 8192K, used 7111K [0x00000000eab00000, 0x00000000eb480000, 0x0000000100000000)
  eden space 6656K, 100% used [0x00000000eab00000,0x00000000eb180000,0x00000000eb180000)
  from space 1536K, 29% used [0x00000000eb200000,0x00000000eb271c78,0x00000000eb380000)
  to   space 1024K, 0% used [0x00000000eb380000,0x00000000eb380000,0x00000000eb480000)
 ParOldGen       total 177664K, used 137124K [0x00000000c0000000, 0x00000000cad80000, 0x00000000eab00000)
  object space 177664K, 77% used [0x00000000c0000000,0x00000000c85e91e0,0x00000000cad80000)
 Metaspace       used 98527K, committed 99776K, reserved 1179648K
  class space    used 9519K, committed 10048K, reserved 1048576K
}
Event: 342459.910 GC heap after
{Heap after GC invocations=25416 (full 571):
 PSYoungGen      total 8192K, used 679K [0x00000000eab00000, 0x00000000eb480000, 0x0000000100000000)
  eden space 7168K, 0% used [0x00000000eab00000,0x00000000eab00000,0x00000000eb200000)
  from space 1024K, 66% used [0x00000000eb380000,0x00000000eb429c78,0x00000000eb480000)
  to   space 1024K, 0% used [0x00000000eb280000,0x00000000eb280000,0x00000000eb380000)
 ParOldGen       total 177664K, used 137124K [0x00000000c0000000, 0x00000000cad80000, 0x00000000eab00000)
  object space 177664K, 77% used [0x00000000c0000000,0x00000000c85e91e0,0x00000000cad80000)
 Metaspace       used 98527K, committed 99776K, reserved 1179648K
  class space    used 9519K, committed 10048K, reserved 1048576K
}
Event: 342459.936 GC heap before
{Heap before GC invocations=25417 (full 571):
 PSYoungGen      total 8192K, used 7847K [0x00000000eab00000, 0x00000000eb480000, 0x0000000100000000)
  eden space 7168K, 100% used [0x00000000eab00000,0x00000000eb200000,0x00000000eb200000)
  from space 1024K, 66% used [0x00000000eb380000,0x00000000eb429c78,0x00000000eb480000)
  to   space 1024K, 0% used [0x00000000eb280000,0x00000000eb280000,0x00000000eb380000)
 ParOldGen       total 177664K, used 137124K [0x00000000c0000000, 0x00000000cad80000, 0x00000000eab00000)
  object space 177664K, 77% used [0x00000000c0000000,0x00000000c85e91e0,0x00000000cad80000)
 Metaspace       used 98527K, committed 99776K, reserved 1179648K
  class space    used 9519K, committed 10048K, reserved 1048576K
}
Event: 342459.939 GC heap after
{Heap after GC invocations=25417 (full 571):
 PSYoungGen      total 8704K, used 1018K [0x00000000eab00000, 0x00000000ebb80000, 0x0000000100000000)
  eden space 7680K, 0% used [0x00000000eab00000,0x00000000eab00000,0x00000000eb280000)
  from space 1024K, 99% used [0x00000000eb280000,0x00000000eb37eb88,0x00000000eb380000)
  to   space 4608K, 0% used [0x00000000eb700000,0x00000000eb700000,0x00000000ebb80000)
 ParOldGen       total 177664K, used 139780K [0x00000000c0000000, 0x00000000cad80000, 0x00000000eab00000)
  object space 177664K, 78% used [0x00000000c0000000,0x00000000c88811e0,0x00000000cad80000)
 Metaspace       used 98527K, committed 99776K, reserved 1179648K
  class space    used 9519K, committed 10048K, reserved 1048576K
}
Event: 342459.969 GC heap before
{Heap before GC invocations=25418 (full 571):
 PSYoungGen      total 8704K, used 8698K [0x00000000eab00000, 0x00000000ebb80000, 0x0000000100000000)
  eden space 7680K, 100% used [0x00000000eab00000,0x00000000eb280000,0x00000000eb280000)
  from space 1024K, 99% used [0x00000000eb280000,0x00000000eb37eb88,0x00000000eb380000)
  to   space 4608K, 0% used [0x00000000eb700000,0x00000000eb700000,0x00000000ebb80000)
 ParOldGen       total 177664K, used 139780K [0x00000000c0000000, 0x00000000cad80000, 0x00000000eab00000)
  object space 177664K, 78% used [0x00000000c0000000,0x00000000c88811e0,0x00000000cad80000)
 Metaspace       used 98527K, committed 99776K, reserved 1179648K
  class space    used 9519K, committed 10048K, reserved 1048576K
}
Event: 342459.977 GC heap after
{Heap after GC invocations=25418 (full 571):
 PSYoungGen      total 12288K, used 3178K [0x00000000eab00000, 0x00000000eba80000, 0x0000000100000000)
  eden space 8704K, 0% used [0x00000000eab00000,0x00000000eab00000,0x00000000eb380000)
  from space 3584K, 88% used [0x00000000eb700000,0x00000000eba1a888,0x00000000eba80000)
  to   space 3584K, 0% used [0x00000000eb380000,0x00000000eb380000,0x00000000eb700000)
 ParOldGen       total 177664K, used 139836K [0x00000000c0000000, 0x00000000cad80000, 0x00000000eab00000)
  object space 177664K, 78% used [0x00000000c0000000,0x00000000c888f1e0,0x00000000cad80000)
 Metaspace       used 98527K, committed 99776K, reserved 1179648K
  class space    used 9519K, committed 10048K, reserved 1048576K
}

